Thu Nov 13 12:46:02 GMT 2003  [debug] AvalonLogSystem initialized using logfile 'velocity.log'
Thu Nov 13 12:46:03 GMT 2003   [info] ************************************************************** 
Thu Nov 13 12:46:03 GMT 2003   [info] Starting Jakarta Velocity v1.4-dev
Thu Nov 13 12:46:03 GMT 2003   [info] RuntimeInstance initializing.
Thu Nov 13 12:46:03 GMT 2003   [info] Default Properties File: org\apache\velocity\runtime\defaults\velocity.properties
Thu Nov 13 12:46:03 GMT 2003   [info] Trying to use logger class org.apache.velocity.runtime.log.AvalonLogSystem
Thu Nov 13 12:46:03 GMT 2003   [info] Using logger class org.apache.velocity.runtime.log.AvalonLogSystem
Thu Nov 13 12:46:03 GMT 2003   [info] Default ResourceManager initializing. (class org.apache.velocity.runtime.resource.ResourceManagerImpl)
Thu Nov 13 12:46:03 GMT 2003   [info] Resource Loader Instantiated: org.apache.velocity.runtime.resource.loader.FileResourceLoader
Thu Nov 13 12:46:03 GMT 2003   [info] FileResourceLoader : initialization starting.
Thu Nov 13 12:46:03 GMT 2003   [info] FileResourceLoader : adding path 'C:\Documents and Settings\gilesn\.maven\plugins\maven-xdoc-plugin-1.5-SNAPSHOT\plugin-resources/templates'
Thu Nov 13 12:46:03 GMT 2003   [info] FileResourceLoader : initialization complete.
Thu Nov 13 12:46:03 GMT 2003   [info] ResourceCache : initialized. (class org.apache.velocity.runtime.resource.ResourceCacheImpl)
Thu Nov 13 12:46:03 GMT 2003   [info] Default ResourceManager initialization complete.
Thu Nov 13 12:46:03 GMT 2003   [info] Loaded System Directive: org.apache.velocity.runtime.directive.Literal
Thu Nov 13 12:46:03 GMT 2003   [info] Loaded System Directive: org.apache.velocity.runtime.directive.Macro
Thu Nov 13 12:46:03 GMT 2003   [info] Loaded System Directive: org.apache.velocity.runtime.directive.Parse
Thu Nov 13 12:46:03 GMT 2003   [info] Loaded System Directive: org.apache.velocity.runtime.directive.Include
Thu Nov 13 12:46:03 GMT 2003   [info] Loaded System Directive: org.apache.velocity.runtime.directive.Foreach
Thu Nov 13 12:46:03 GMT 2003   [info] Created: 20 parsers.
Thu Nov 13 12:46:03 GMT 2003   [info] Velocimacro : initialization starting.
Thu Nov 13 12:46:03 GMT 2003   [info] Velocimacro : adding VMs from VM library template : VM_global_library.vm
Thu Nov 13 12:46:03 GMT 2003  [error] ResourceManager : unable to find resource 'VM_global_library.vm' in any resource loader.
Thu Nov 13 12:46:03 GMT 2003   [info] Velocimacro : error using  VM library template VM_global_library.vm : org.apache.velocity.exception.ResourceNotFoundException: Unable to find resource 'VM_global_library.vm'
Thu Nov 13 12:46:03 GMT 2003   [info] Velocimacro :  VM library template macro registration complete.
Thu Nov 13 12:46:03 GMT 2003   [info] Velocimacro : allowInline = true : VMs can be defined inline in templates
Thu Nov 13 12:46:03 GMT 2003   [info] Velocimacro : allowInlineToOverride = false : VMs defined inline may NOT replace previous VM definitions
Thu Nov 13 12:46:03 GMT 2003   [info] Velocimacro : allowInlineLocal = false : VMs defined inline will be  global in scope if allowed.
Thu Nov 13 12:46:03 GMT 2003   [info] Velocimacro : messages on  : VM system will output logging messages
Thu Nov 13 12:46:03 GMT 2003   [info] Velocimacro : autoload off  : VM system will not automatically reload global library macros
Thu Nov 13 12:46:03 GMT 2003   [info] Velocimacro : initialization complete.
Thu Nov 13 12:46:03 GMT 2003   [info] Velocity successfully started.
Thu Nov 13 12:46:03 GMT 2003   [info] ResourceManager : found cvs-usage.xml with loader org.apache.velocity.runtime.resource.loader.FileResourceLoader
Thu Nov 13 12:46:03 GMT 2003   [info] ResourceManager : found index.xml with loader org.apache.velocity.runtime.resource.loader.FileResourceLoader
Thu Nov 13 12:46:03 GMT 2003   [info] ResourceManager : found maven-reports.xml with loader org.apache.velocity.runtime.resource.loader.FileResourceLoader
Thu Nov 13 12:46:03 GMT 2003   [info] ResourceManager : found dependencies.xml with loader org.apache.velocity.runtime.resource.loader.FileResourceLoader
Thu Nov 13 12:46:03 GMT 2003   [info] ResourceManager : found issue-tracking.xml with loader org.apache.velocity.runtime.resource.loader.FileResourceLoader
Thu Nov 13 12:46:03 GMT 2003   [info] Velocimacro : added new VM : #displayLink( label link ) : source = mail-lists.xml
Thu Nov 13 12:46:03 GMT 2003   [info] ResourceManager : found mail-lists.xml with loader org.apache.velocity.runtime.resource.loader.FileResourceLoader
Thu Nov 13 12:46:03 GMT 2003   [info] ResourceManager : found project-info.xml with loader org.apache.velocity.runtime.resource.loader.FileResourceLoader
Thu Nov 13 12:46:03 GMT 2003   [info] ResourceManager : found team-list.xml with loader org.apache.velocity.runtime.resource.loader.FileResourceLoader
